<?xml version="1.0" encoding="UTF-8" ?>
<testsuite tests="1" failures="0" name="com.matheus.casadocodigo.daos.ProdutoDAOTest" time="0.43" errors="0" skipped="0">
  <properties>
    <property name="java.runtime.name" value="OpenJDK Runtime Environment"/>
    <property name="java.vm.version" value="11.0.5+10-b520.30"/>
    <property name="sun.boot.library.path" value="C:\Dev\IntelliJ IDEA Community Edition 2019.3.2\jbr\bin"/>
    <property name="maven.multiModuleProjectDirectory" value="C:\Dev\Projects\Casadocodigo\casadocodigo"/>
    <property name="java.vm.vendor" value="JetBrains s.r.o"/>
    <property name="java.vendor.url" value="https://www.jetbrains.com/"/>
    <property name="guice.disable.misplaced.annotation.check" value="true"/>
    <property name="path.separator" value=";"/>
    <property name="java.vm.name" value="OpenJDK 64-Bit Server VM"/>
    <property name="sun.os.patch.level" value=""/>
    <property name="user.script" value=""/>
    <property name="user.country" value="US"/>
    <property name="sun.java.launcher" value="SUN_STANDARD"/>
    <property name="java.vm.specification.name" value="Java Virtual Machine Specification"/>
    <property name="user.dir" value="C:\Dev\Projects\Casadocodigo\casadocodigo"/>
    <property name="java.vm.compressedOopsMode" value="Zero based"/>
    <property name="java.runtime.version" value="11.0.5+10-b520.30"/>
    <property name="java.awt.graphicsenv" value="sun.awt.Win32GraphicsEnvironment"/>
    <property name="os.arch" value="amd64"/>
    <property name="java.io.tmpdir" value="C:\Users\manch\AppData\Local\Temp\"/>
    <property name="line.separator" value="
"/>
    <property name="java.vm.specification.vendor" value="Oracle Corporation"/>
    <property name="user.variant" value=""/>
    <property name="os.name" value="Windows 10"/>
    <property name="maven.ext.class.path" value="C:\Dev\IntelliJ IDEA Community Edition 2019.3.2\plugins\maven\lib\maven-event-listener.jar"/>
    <property name="classworlds.conf" value="C:\Dev\IntelliJ IDEA Community Edition 2019.3.2\plugins\maven\lib\maven3\bin\m2.conf"/>
    <property name="sun.jnu.encoding" value="Cp1252"/>
    <property name="java.library.path" value="C:\Dev\IntelliJ IDEA Community Edition 2019.3.2\jbr\bin;C:\Windows\Sun\Java\bin;C:\Windows\system32;C:\Windows;C:\Program Files (x86)\Common Files\Oracle\Java\javapath;C:\Windows\system32;C:\Windows;C:\Windows\System32\Wbem;C:\Windows\System32\WindowsPowerShell\v1.0\;C:\Windows\System32\OpenSSH\;C:\Program Files\Java\jdk1.8.0_241\bin;C:\Dev\Git\cmd;C:\Dev\apache-maven-3.6.3\bin\;C:\Program Files\MySQL\MySQL Server 5.7\bin;C:\Users\manch\AppData\Local\Microsoft\WindowsApps;;C:\Dev\IntelliJ IDEA Community Edition 2019.3.2\bin;;."/>
    <property name="maven.conf" value="C:\Dev\IntelliJ IDEA Community Edition 2019.3.2\plugins\maven\lib\maven3/conf"/>
    <property name="jdk.debug" value="release"/>
    <property name="java.class.version" value="55.0"/>
    <property name="java.specification.name" value="Java Platform API Specification"/>
    <property name="sun.management.compiler" value="HotSpot 64-Bit Tiered Compilers"/>
    <property name="os.version" value="10.0"/>
    <property name="idea.version2019.3.2" value="true"/>
    <property name="user.home" value="C:\Users\manch"/>
    <property name="user.timezone" value="America/Sao_Paulo"/>
    <property name="java.awt.printerjob" value="sun.awt.windows.WPrinterJob"/>
    <property name="file.encoding" value="UTF-8"/>
    <property name="java.specification.version" value="11"/>
    <property name="user.name" value="manch"/>
    <property name="java.class.path" value="C:\Dev\IntelliJ IDEA Community Edition 2019.3.2\plugins\maven\lib\maven3\boot\plexus-classworlds-2.6.0.jar"/>
    <property name="java.vm.specification.version" value="11"/>
    <property name="sun.arch.data.model" value="64"/>
    <property name="sun.java.command" value="org.codehaus.classworlds.Launcher -Didea.version2019.3.2 test"/>
    <property name="java.home" value="C:\Dev\IntelliJ IDEA Community Edition 2019.3.2\jbr"/>
    <property name="user.language" value="en"/>
    <property name="java.specification.vendor" value="Oracle Corporation"/>
    <property name="awt.toolkit" value="sun.awt.windows.WToolkit"/>
    <property name="java.vm.info" value="mixed mode, sharing"/>
    <property name="java.version" value="11.0.5"/>
    <property name="java.vendor" value="JetBrains s.r.o"/>
    <property name="maven.home" value="C:\Dev\IntelliJ IDEA Community Edition 2019.3.2\plugins\maven\lib\maven3"/>
    <property name="file.separator" value="\"/>
    <property name="java.version.date" value="2019-10-15"/>
    <property name="java.vendor.url.bug" value="https://youtrack.jetbrains.com"/>
    <property name="sun.io.unicode.encoding" value="UnicodeLittle"/>
    <property name="sun.cpu.endian" value="little"/>
    <property name="sun.desktop" value="windows"/>
    <property name="sun.cpu.isalist" value="amd64"/>
  </properties>
  <testcase classname="com.matheus.casadocodigo.daos.ProdutoDAOTest" name="deveSomarTodosPrecosPorTipo" time="0.43"/>
</testsuite>